  Animator.cpp
C:\SRTeam\Framework\Engine\Utility\Code\Animator.cpp(1,10): fatal error C1083: 포함 파일을 열 수 없습니다. 'Export_Function.h': No such file or directory
  BoxCollider.cpp
C:\SRTeam\Framework\Engine\Header\Engine_Define.h(5,10): fatal error C1083: 포함 파일을 열 수 없습니다. 'd3dx9.h': No such file or directory
  Camera.cpp
C:\SRTeam\Framework\Engine\Utility\Code\Camera.cpp(1,10): fatal error C1083: 포함 파일을 열 수 없습니다. 'Camera.h': No such file or directory
  CameraMgr.cpp
C:\SRTeam\Framework\Engine\Header\CameraMgr.h(3,10): fatal error C1083: 포함 파일을 열 수 없습니다. 'Base.h': No such file or directory
  Collider.cpp
C:\SRTeam\Framework\Engine\Header\Engine_Define.h(5,10): fatal error C1083: 포함 파일을 열 수 없습니다. 'd3dx9.h': No such file or directory
  CollisionMgr.cpp
C:\SRTeam\Framework\Engine\Header\Engine_Define.h(5,10): fatal error C1083: 포함 파일을 열 수 없습니다. 'd3dx9.h': No such file or directory
  Component.cpp
C:\SRTeam\Framework\Engine\Header\Engine_Define.h(5,10): fatal error C1083: 포함 파일을 열 수 없습니다. 'd3dx9.h': No such file or directory
  GameObject.cpp
C:\SRTeam\Framework\Engine\Header\Engine_Define.h(5,10): fatal error C1083: 포함 파일을 열 수 없습니다. 'd3dx9.h': No such file or directory
  Layer.cpp
C:\SRTeam\Framework\Engine\Header\Engine_Define.h(5,10): fatal error C1083: 포함 파일을 열 수 없습니다. 'd3dx9.h': No such file or directory
  Light.cpp
C:\SRTeam\Framework\Engine\Header\Light.h(4,10): fatal error C1083: 포함 파일을 열 수 없습니다. 'Base.h': No such file or directory
  LightMgr.cpp
C:\SRTeam\Framework\Engine\Header\Light.h(4,10): fatal error C1083: 포함 파일을 열 수 없습니다. 'Base.h': No such file or directory
  Management.cpp
C:\SRTeam\Framework\Engine\Utility\Code\Management.cpp(1,10): fatal error C1083: 포함 파일을 열 수 없습니다. 'Export_Utility.h': No such file or directory
  PickingMgr.cpp
C:\SRTeam\Framework\Engine\Utility\Code\PickingMgr.cpp(1,10): fatal error C1083: 포함 파일을 열 수 없습니다. '../Header/PickingMgr.h': No such file or directory
  ProtoMgr.cpp
C:\SRTeam\Framework\Engine\Header\Engine_Define.h(5,10): fatal error C1083: 포함 파일을 열 수 없습니다. 'd3dx9.h': No such file or directory
  RcCol.cpp
C:\SRTeam\Framework\Engine\Header\Engine_Define.h(5,10): fatal error C1083: 포함 파일을 열 수 없습니다. 'd3dx9.h': No such file or directory
  CubeTex.cpp
C:\SRTeam\Framework\Engine\Header\Engine_Define.h(5,10): fatal error C1083: 포함 파일을 열 수 없습니다. 'd3dx9.h': No such file or directory
  TerrainTex.cpp
C:\SRTeam\Framework\Engine\Header\Engine_Define.h(5,10): fatal error C1083: 포함 파일을 열 수 없습니다. 'd3dx9.h': No such file or directory
  RcTex.cpp
C:\SRTeam\Framework\Engine\Header\Engine_Define.h(5,10): fatal error C1083: 포함 파일을 열 수 없습니다. 'd3dx9.h': No such file or directory
  Renderer.cpp
C:\SRTeam\Framework\Engine\Header\Engine_Define.h(5,10): fatal error C1083: 포함 파일을 열 수 없습니다. 'd3dx9.h': No such file or directory
  Scene.cpp
C:\SRTeam\Framework\Engine\Header\Engine_Define.h(5,10): fatal error C1083: 포함 파일을 열 수 없습니다. 'd3dx9.h': No such file or directory
  코드를 생성하고 있습니다...
  컴파일하고 있습니다...
  Texture.cpp
C:\SRTeam\Framework\Engine\Utility\Code\Texture.cpp(1,10): fatal error C1083: 포함 파일을 열 수 없습니다. 'Texture.h': No such file or directory
  Transform.cpp
C:\SRTeam\Framework\Engine\Header\Engine_Define.h(5,10): fatal error C1083: 포함 파일을 열 수 없습니다. 'd3dx9.h': No such file or directory
  TriCol.cpp
C:\SRTeam\Framework\Engine\Header\Engine_Define.h(5,10): fatal error C1083: 포함 파일을 열 수 없습니다. 'd3dx9.h': No such file or directory
  VIBuffer.cpp
C:\SRTeam\Framework\Engine\Header\Engine_Define.h(5,10): fatal error C1083: 포함 파일을 열 수 없습니다. 'd3dx9.h': No such file or directory
  코드를 생성하고 있습니다...
