C:\Program Files (x86)\Microsoft Visual Studio\2019\Professional\MSBuild\Microsoft\VC\v160\Microsoft.CppClean.targets(77,5): warning : 'c:\users\ghkdd\desktop\teamsr\framework\engine\system\include\debug\vc142.pdb' 파일은 다른 프로세스에서 사용 중이므로 프로세스에서 액세스할 수 없습니다.
  unity_TDYWOQIDZRYCDJHA.cpp
     ../Bin\System.lib 라이브러리 및 ../Bin\System.exp 개체를 생성하고 있습니다.
  System.vcxproj -> C:\Users\ghkdd\Desktop\TeamSR\Framework\Engine\System\Bin\System.dll
  .\Engine\System\Code\*.h 
          0개 파일이 복사되었습니다.
  지정된 파일을 찾을 수 없습니다.
          1개 파일이 복사되었습니다.
          1개 파일이 복사되었습니다.
  .\Engine\Header\Animator.h
  .\Engine\Header\BoxCollider.h
  .\Engine\Header\Camera.h
  .\Engine\Header\CameraMgr.h
  .\Engine\Header\Collider.h
  .\Engine\Header\CollisionMgr.h
  .\Engine\Header\Component.h
  .\Engine\Header\CubeTex.h
  .\Engine\Header\Engine_Define.h
  .\Engine\Header\Engine_Enum.h
  .\Engine\Header\Engine_Function.h
  .\Engine\Header\Engine_Macro.h
  .\Engine\Header\Engine_Struct.h
  .\Engine\Header\Engine_Typedef.h
  .\Engine\Header\EventMgr.h
  .\Engine\Header\Export_Function.h
  .\Engine\Header\Export_System.h
  .\Engine\Header\Export_Utility.h
  .\Engine\Header\FontMgr.h
  .\Engine\Header\Frame.h
  .\Engine\Header\FrameMgr.h
  .\Engine\Header\GameObject.h
  .\Engine\Header\GraphicDev.h
  .\Engine\Header\ImGuiMgr.h
  .\Engine\Header\InputDevice.h
  .\Engine\Header\KeyMgr.h
  .\Engine\Header\Layer.h
  .\Engine\Header\Light.h
  .\Engine\Header\LightMgr.h
  .\Engine\Header\Management.h
  .\Engine\Header\PickingMgr.h
  .\Engine\Header\ProtoMgr.h
  .\Engine\Header\RcCol.h
  .\Engine\Header\RcTex.h
  .\Engine\Header\Renderer.h
  .\Engine\Header\RigidBody.h
  .\Engine\Header\Scene.h
  .\Engine\Header\TerrainTex.h
  .\Engine\Header\Texture.h
  .\Engine\Header\Timer.h
  .\Engine\Header\TimerMgr.h
  .\Engine\Header\Transform.h
  .\Engine\Header\TriCol.h
  .\Engine\Header\VIBuffer.h
         44개 파일이 복사되었습니다.
  .\Engine\Header\Export_System.inl
  .\Engine\Header\Export_Utility.inl
          2개 파일이 복사되었습니다.
